<?xml version="1.0" encoding="UTF-8"?>
<testng-results ignored="0" total="1" passed="1" failed="0" skipped="0">
  <reporter-output>
  </reporter-output>
  <suite started-at="2021-01-20T10:24:18 EST" name="Default suite" finished-at="2021-01-20T10:24:18 EST" duration-ms="64">
    <groups>
    </groups>
    <test started-at="2021-01-20T10:24:18 EST" name="Default test" finished-at="2021-01-20T10:24:18 EST" duration-ms="64">
      <class name="burlington.Loopss">
        <test-method signature="bb()[pri:0, instance:burlington.Loopss@7fc2413d]" started-at="2021-01-20T10:24:18 EST" name="bb" finished-at="2021-01-20T10:24:18 EST" duration-ms="16" status="PASS">
          <reporter-output>
          </reporter-output>
        </test-method> <!-- bb -->
      </class> <!-- burlington.Loopss -->
    </test> <!-- Default test -->
  </suite> <!-- Default suite -->
</testng-results>
